<?xml version="1.0" encoding="UTF-8"?>
<!-- Generated by org.testng.reporters.JUnitXMLReporter -->
<testsuite ignored="8" hostname="lenovo" failures="0" tests="2" name="Default test" time="24.996" errors="0" timestamp="2025-05-06T19:24:44 EET">
  <testcase classname="almosafer.MyTestCases" name="hotelSearch" time="10.861"/>
  <testcase classname="almosafer.MyTestCases" name="PageFullyLoaded" time="12.023"/>
  <testcase classname="almosafer.MyTestCases" name="QitafLogo" time="0.0">
    <ignored/>
  </testcase> <!-- QitafLogo -->
  <testcase classname="almosafer.MyTestCases" name="CheckPhoneNumber" time="0.0">
    <ignored/>
  </testcase> <!-- CheckPhoneNumber -->
  <testcase classname="almosafer.MyTestCases" name="CheckingFlightReturn" time="0.0">
    <ignored/>
  </testcase> <!-- CheckingFlightReturn -->
  <testcase classname="almosafer.MyTestCases" name="CheckingFlightDeparture" time="0.0">
    <ignored/>
  </testcase> <!-- CheckingFlightDeparture -->
  <testcase classname="almosafer.MyTestCases" name="CahngeTheLanguage" time="0.0">
    <ignored/>
  </testcase> <!-- CahngeTheLanguage -->
  <testcase classname="almosafer.MyTestCases" name="CheckDefultCurrency" time="0.0">
    <ignored/>
  </testcase> <!-- CheckDefultCurrency -->
  <testcase classname="almosafer.MyTestCases" name="CheckHotelTab" time="0.0">
    <ignored/>
  </testcase> <!-- CheckHotelTab -->
  <testcase classname="almosafer.MyTestCases" name="ChesckTheLanguage" time="0.0">
    <ignored/>
  </testcase> <!-- ChesckTheLanguage -->
</testsuite> <!-- Default test -->
